<?xml version="1.0" encoding="UTF-8"?>
<robot generator="Robot 3.1.2 (Python 3.6.6 on win32)" generated="20191022 13:44:44.153" rpa="false">
<suite id="s1" name="Registrationtest" source="C:\Repository\python\robot\testcases\registrationtest.robot">
<test id="s1-t1" name="RegistrationTest">
<kw name="Open my Browser" library="registrationkeywords">
<arguments>
<arg>${SiteUrl}</arg>
<arg>${Browser}</arg>
</arguments>
<kw name="Open Browser" library="SeleniumLibrary">
<doc>Opens a new browser instance to the given ``url``.</doc>
<arguments>
<arg>${SiteUrl}</arg>
<arg>${Browser}</arg>
</arguments>
<msg timestamp="20191022 13:44:44.474" level="INFO">Opening browser 'headlesschrome' to base url 'http://www.newtours.demoaut.com'.</msg>
<status status="PASS" starttime="20191022 13:44:44.474" endtime="20191022 13:44:49.234"></status>
</kw>
<kw name="Maximize Browser Window" library="SeleniumLibrary">
<doc>Maximizes current browser window.</doc>
<status status="PASS" starttime="20191022 13:44:49.234" endtime="20191022 13:44:50.360"></status>
</kw>
<status status="PASS" starttime="20191022 13:44:44.473" endtime="20191022 13:44:50.361"></status>
</kw>
<kw name="Click Register Link" library="registrationkeywords">
<kw name="Click Link" library="SeleniumLibrary">
<doc>Clicks a link identified by ``locator``.</doc>
<arguments>
<arg>${link_Reg}</arg>
</arguments>
<msg timestamp="20191022 13:44:50.362" level="INFO">Clicking link 'link:REGISTER'.</msg>
<status status="PASS" starttime="20191022 13:44:50.362" endtime="20191022 13:44:51.032"></status>
</kw>
<status status="PASS" starttime="20191022 13:44:50.361" endtime="20191022 13:44:51.032"></status>
</kw>
<kw name="Enter FirstName" library="registrationkeywords">
<arguments>
<arg>David</arg>
</arguments>
<kw name="Input Text" library="SeleniumLibrary">
<doc>Types the given ``text`` into the text field identified by ``locator``.</doc>
<arguments>
<arg>${txt_firstName}</arg>
<arg>${firstName}</arg>
</arguments>
<msg timestamp="20191022 13:44:51.034" level="INFO">Typing text 'David' into text field 'name:firstName'.</msg>
<status status="PASS" starttime="20191022 13:44:51.033" endtime="20191022 13:44:51.134"></status>
</kw>
<status status="PASS" starttime="20191022 13:44:51.033" endtime="20191022 13:44:51.134"></status>
</kw>
<kw name="Enter LastName" library="registrationkeywords">
<arguments>
<arg>John</arg>
</arguments>
<kw name="Input Text" library="SeleniumLibrary">
<doc>Types the given ``text`` into the text field identified by ``locator``.</doc>
<arguments>
<arg>${txt_lastName}</arg>
<arg>${lastName}</arg>
</arguments>
<msg timestamp="20191022 13:44:51.135" level="INFO">Typing text 'John' into text field 'name:lastName'.</msg>
<status status="PASS" starttime="20191022 13:44:51.135" endtime="20191022 13:44:51.216"></status>
</kw>
<status status="PASS" starttime="20191022 13:44:51.135" endtime="20191022 13:44:51.216"></status>
</kw>
<kw name="Enter Phone" library="registrationkeywords">
<arguments>
<arg>1234567890</arg>
</arguments>
<kw name="Input Text" library="SeleniumLibrary">
<doc>Types the given ``text`` into the text field identified by ``locator``.</doc>
<arguments>
<arg>${txt_phone}</arg>
<arg>${phone}</arg>
</arguments>
<msg timestamp="20191022 13:44:51.218" level="INFO">Typing text '1234567890' into text field 'name:phone'.</msg>
<status status="PASS" starttime="20191022 13:44:51.217" endtime="20191022 13:44:51.316"></status>
</kw>
<status status="PASS" starttime="20191022 13:44:51.217" endtime="20191022 13:44:51.316"></status>
</kw>
<kw name="Enter Email" library="registrationkeywords">
<arguments>
<arg>davidJohn@gmail.com</arg>
</arguments>
<kw name="Input Text" library="SeleniumLibrary">
<doc>Types the given ``text`` into the text field identified by ``locator``.</doc>
<arguments>
<arg>${txt_email}</arg>
<arg>${email}</arg>
</arguments>
<msg timestamp="20191022 13:44:51.317" level="INFO">Typing text 'davidJohn@gmail.com' into text field 'name:userName'.</msg>
<status status="PASS" starttime="20191022 13:44:51.317" endtime="20191022 13:44:51.434"></status>
</kw>
<status status="PASS" starttime="20191022 13:44:51.317" endtime="20191022 13:44:51.434"></status>
</kw>
<kw name="Enter Address1" library="registrationkeywords">
<arguments>
<arg>Toronto</arg>
</arguments>
<kw name="Input Text" library="SeleniumLibrary">
<doc>Types the given ``text`` into the text field identified by ``locator``.</doc>
<arguments>
<arg>${txt_add1}</arg>
<arg>${add1}</arg>
</arguments>
<msg timestamp="20191022 13:44:51.435" level="INFO">Typing text 'Toronto' into text field 'name:address1'.</msg>
<status status="PASS" starttime="20191022 13:44:51.435" endtime="20191022 13:44:51.526"></status>
</kw>
<status status="PASS" starttime="20191022 13:44:51.434" endtime="20191022 13:44:51.526"></status>
</kw>
<kw name="Enter Address2" library="registrationkeywords">
<arguments>
<arg>Canada</arg>
</arguments>
<kw name="Input Text" library="SeleniumLibrary">
<doc>Types the given ``text`` into the text field identified by ``locator``.</doc>
<arguments>
<arg>${txt_add2}</arg>
<arg>${add2}</arg>
</arguments>
<msg timestamp="20191022 13:44:51.528" level="INFO">Typing text 'Canada' into text field 'name:address2'.</msg>
<status status="PASS" starttime="20191022 13:44:51.527" endtime="20191022 13:44:51.622"></status>
</kw>
<status status="PASS" starttime="20191022 13:44:51.527" endtime="20191022 13:44:51.622"></status>
</kw>
<kw name="Enter City" library="registrationkeywords">
<arguments>
<arg>Toronto</arg>
</arguments>
<kw name="Input Text" library="SeleniumLibrary">
<doc>Types the given ``text`` into the text field identified by ``locator``.</doc>
<arguments>
<arg>${txt_city}</arg>
<arg>${city}</arg>
</arguments>
<msg timestamp="20191022 13:44:51.623" level="INFO">Typing text 'Toronto' into text field 'name:city'.</msg>
<status status="PASS" starttime="20191022 13:44:51.623" endtime="20191022 13:44:51.717"></status>
</kw>
<status status="PASS" starttime="20191022 13:44:51.622" endtime="20191022 13:44:51.718"></status>
</kw>
<kw name="Enter State" library="registrationkeywords">
<arguments>
<arg>Brampton</arg>
</arguments>
<kw name="Input Text" library="SeleniumLibrary">
<doc>Types the given ``text`` into the text field identified by ``locator``.</doc>
<arguments>
<arg>${txt_state}</arg>
<arg>${state}</arg>
</arguments>
<msg timestamp="20191022 13:44:51.720" level="INFO">Typing text 'Brampton' into text field 'name:state'.</msg>
<status status="PASS" starttime="20191022 13:44:51.719" endtime="20191022 13:44:51.827"></status>
</kw>
<status status="PASS" starttime="20191022 13:44:51.719" endtime="20191022 13:44:51.827"></status>
</kw>
<kw name="Enter Postal Code" library="registrationkeywords">
<arguments>
<arg>L3S 1E7</arg>
</arguments>
<kw name="Input Text" library="SeleniumLibrary">
<doc>Types the given ``text`` into the text field identified by ``locator``.</doc>
<arguments>
<arg>${txt_postCode}</arg>
<arg>${postalcode}</arg>
</arguments>
<msg timestamp="20191022 13:44:51.829" level="INFO">Typing text 'L3S 1E7' into text field 'name:postalCode'.</msg>
<status status="PASS" starttime="20191022 13:44:51.828" endtime="20191022 13:44:51.922"></status>
</kw>
<status status="PASS" starttime="20191022 13:44:51.828" endtime="20191022 13:44:51.923"></status>
</kw>
<kw name="Select Country" library="registrationkeywords">
<arguments>
<arg>CANADA</arg>
</arguments>
<kw name="Select From List By Label" library="SeleniumLibrary">
<doc>Selects options from selection list ``locator`` by ``labels``.</doc>
<arguments>
<arg>${drp_country}</arg>
<arg>${country}</arg>
</arguments>
<msg timestamp="20191022 13:44:51.924" level="INFO">Selecting options from selection list 'name:country' by label CANADA.</msg>
<status status="PASS" starttime="20191022 13:44:51.924" endtime="20191022 13:44:52.015"></status>
</kw>
<status status="PASS" starttime="20191022 13:44:51.923" endtime="20191022 13:44:52.015"></status>
</kw>
<kw name="Enter User Name" library="registrationkeywords">
<arguments>
<arg>johnxyz</arg>
</arguments>
<kw name="Input Text" library="SeleniumLibrary">
<doc>Types the given ``text`` into the text field identified by ``locator``.</doc>
<arguments>
<arg>${txt_userName}</arg>
<arg>${username}</arg>
</arguments>
<msg timestamp="20191022 13:44:52.017" level="INFO">Typing text 'johnxyz' into text field 'name:email'.</msg>
<status status="PASS" starttime="20191022 13:44:52.017" endtime="20191022 13:44:52.135"></status>
</kw>
<status status="PASS" starttime="20191022 13:44:52.016" endtime="20191022 13:44:52.135"></status>
</kw>
<kw name="Enter Password" library="registrationkeywords">
<arguments>
<arg>johnxyz</arg>
</arguments>
<kw name="Input Text" library="SeleniumLibrary">
<doc>Types the given ``text`` into the text field identified by ``locator``.</doc>
<arguments>
<arg>${txt_Password}</arg>
<arg>${password}</arg>
</arguments>
<msg timestamp="20191022 13:44:52.137" level="INFO">Typing text 'johnxyz' into text field 'name:password'.</msg>
<status status="PASS" starttime="20191022 13:44:52.136" endtime="20191022 13:44:52.236"></status>
</kw>
<status status="PASS" starttime="20191022 13:44:52.136" endtime="20191022 13:44:52.237"></status>
</kw>
<kw name="Enter Confirmed Password" library="registrationkeywords">
<arguments>
<arg>johnxyz</arg>
</arguments>
<kw name="Input Text" library="SeleniumLibrary">
<doc>Types the given ``text`` into the text field identified by ``locator``.</doc>
<arguments>
<arg>${txt_conformedPassword}</arg>
<arg>${confpassword}</arg>
</arguments>
<msg timestamp="20191022 13:44:52.238" level="INFO">Typing text 'johnxyz' into text field 'name:confirmPassword'.</msg>
<status status="PASS" starttime="20191022 13:44:52.238" endtime="20191022 13:44:52.323"></status>
</kw>
<status status="PASS" starttime="20191022 13:44:52.237" endtime="20191022 13:44:52.323"></status>
</kw>
<kw name="Click Submit" library="registrationkeywords">
<kw name="Click Button" library="SeleniumLibrary">
<doc>Clicks the button identified by ``locator``.</doc>
<arguments>
<arg>${btn_submit}</arg>
</arguments>
<msg timestamp="20191022 13:44:52.324" level="INFO">Clicking button 'xpath://input[@name='register']'.</msg>
<status status="PASS" starttime="20191022 13:44:52.324" endtime="20191022 13:46:18.885"></status>
</kw>
<status status="PASS" starttime="20191022 13:44:52.323" endtime="20191022 13:46:18.886"></status>
</kw>
<kw name="Verify Succesful Registration" library="registrationkeywords">
<kw name="Page Should Contain" library="SeleniumLibrary">
<doc>Verifies that current page contains ``text``.</doc>
<arguments>
<arg>Thank you for registering.</arg>
</arguments>
<msg timestamp="20191022 13:46:18.919" level="INFO">Current page contains text 'Thank you for registering.'.</msg>
<status status="PASS" starttime="20191022 13:46:18.888" endtime="20191022 13:46:18.920"></status>
</kw>
<status status="PASS" starttime="20191022 13:46:18.887" endtime="20191022 13:46:18.920"></status>
</kw>
<kw name="Close my Browsers" library="registrationkeywords">
<kw name="Close All Browsers" library="SeleniumLibrary">
<doc>Closes all open browsers and resets the browser cache.</doc>
<status status="PASS" starttime="20191022 13:46:18.921" endtime="20191022 13:46:22.004"></status>
</kw>
<status status="PASS" starttime="20191022 13:46:18.921" endtime="20191022 13:46:22.004"></status>
</kw>
<status status="PASS" starttime="20191022 13:44:44.472" endtime="20191022 13:46:22.005" critical="yes"></status>
</test>
<status status="PASS" starttime="20191022 13:44:44.159" endtime="20191022 13:46:22.007"></status>
</suite>
<statistics>
<total>
<stat pass="1" fail="0">Critical Tests</stat>
<stat pass="1" fail="0">All Tests</stat>
</total>
<tag>
</tag>
<suite>
<stat pass="1" fail="0" id="s1" name="Registrationtest">Registrationtest</stat>
</suite>
</statistics>
<errors>
</errors>
</robot>
