<?xml version="1.0" encoding="UTF-8"?>
<robot generator="Robot 3.1.2 (Python 3.6.6 on win32)" generated="20191022 13:12:38.000" rpa="false">
<suite id="s1" name="Suites">
<suite id="s1-s1" name="Logintest" source="C:\Repository\python\robot\testcases\logintest.robot">
<test id="s1-s1-t1" name="LoginTest">
<kw name="Open my Browser" library="loginkeywords">
<arguments>
<arg>${SiteUrl}</arg>
<arg>${Browser}</arg>
</arguments>
<kw name="Open Browser" library="SeleniumLibrary">
<doc>Opens a new browser instance to the given ``url``.</doc>
<arguments>
<arg>${SiteUrl}</arg>
<arg>${Browser}</arg>
</arguments>
<msg timestamp="20191022 13:12:38.386" level="INFO">Opening browser 'chrome' to base url 'http://newtours.demoaut.com'.</msg>
<status status="PASS" starttime="20191022 13:12:38.385" endtime="20191022 13:12:42.016"></status>
</kw>
<kw name="Maximize Browser Window" library="SeleniumLibrary">
<doc>Maximizes current browser window.</doc>
<status status="PASS" starttime="20191022 13:12:42.016" endtime="20191022 13:12:43.157"></status>
</kw>
<status status="PASS" starttime="20191022 13:12:38.385" endtime="20191022 13:12:43.158"></status>
</kw>
<kw name="Enter UserName" library="loginkeywords">
<arguments>
<arg>${user}</arg>
</arguments>
<kw name="Input Text" library="SeleniumLibrary">
<doc>Types the given ``text`` into the text field identified by ``locator``.</doc>
<arguments>
<arg>${txt_loginUserName}</arg>
<arg>${username}</arg>
</arguments>
<msg timestamp="20191022 13:12:43.159" level="INFO">Typing text 'tutorial' into text field 'name:userName'.</msg>
<status status="PASS" starttime="20191022 13:12:43.159" endtime="20191022 13:12:43.337"></status>
</kw>
<status status="PASS" starttime="20191022 13:12:43.158" endtime="20191022 13:12:43.337"></status>
</kw>
<kw name="Enter Password" library="loginkeywords">
<arguments>
<arg>${pwd}</arg>
</arguments>
<kw name="Input Text" library="SeleniumLibrary">
<doc>Types the given ``text`` into the text field identified by ``locator``.</doc>
<arguments>
<arg>${txt_loginPassword}</arg>
<arg>${password}</arg>
</arguments>
<msg timestamp="20191022 13:12:43.339" level="INFO">Typing text 'tutorial' into text field 'name:password'.</msg>
<status status="PASS" starttime="20191022 13:12:43.338" endtime="20191022 13:12:43.643"></status>
</kw>
<status status="PASS" starttime="20191022 13:12:43.337" endtime="20191022 13:12:43.643"></status>
</kw>
<kw name="Click SignIn" library="loginkeywords">
<kw name="Click Button" library="SeleniumLibrary">
<doc>Clicks the button identified by ``locator``.</doc>
<arguments>
<arg>${btn_signIn}</arg>
</arguments>
<msg timestamp="20191022 13:12:43.644" level="INFO">Clicking button 'xpath://input[@name='login']'.</msg>
<status status="PASS" starttime="20191022 13:12:43.644" endtime="20191022 13:12:48.157"></status>
</kw>
<status status="PASS" starttime="20191022 13:12:43.643" endtime="20191022 13:12:48.157"></status>
</kw>
<kw name="Sleep" library="BuiltIn">
<doc>Pauses the test executed for the given time.</doc>
<arguments>
<arg>3</arg>
<arg>seconds</arg>
</arguments>
<msg timestamp="20191022 13:12:51.159" level="INFO">Slept 3 seconds</msg>
<msg timestamp="20191022 13:12:51.159" level="INFO">seconds</msg>
<status status="PASS" starttime="20191022 13:12:48.157" endtime="20191022 13:12:51.159"></status>
</kw>
<kw name="Verify Succesfull Login" library="loginkeywords">
<kw name="Title Should Be" library="SeleniumLibrary">
<doc>Verifies that the current page title equals ``title``.</doc>
<arguments>
<arg>Find a Flight: Mercury Tours:</arg>
</arguments>
<msg timestamp="20191022 13:12:51.172" level="INFO">Page title is 'Find a Flight: Mercury Tours:'.</msg>
<status status="PASS" starttime="20191022 13:12:51.160" endtime="20191022 13:12:51.172"></status>
</kw>
<status status="PASS" starttime="20191022 13:12:51.160" endtime="20191022 13:12:51.172"></status>
</kw>
<kw name="Close My Browsers" library="loginkeywords">
<kw name="Close All Browsers" library="SeleniumLibrary">
<doc>Closes all open browsers and resets the browser cache.</doc>
<status status="PASS" starttime="20191022 13:12:51.173" endtime="20191022 13:12:53.568"></status>
</kw>
<status status="PASS" starttime="20191022 13:12:51.172" endtime="20191022 13:12:53.568"></status>
</kw>
<status status="PASS" starttime="20191022 13:12:38.383" endtime="20191022 13:12:53.568" critical="yes"></status>
</test>
<status status="PASS" starttime="20191022 13:12:38.045" endtime="20191022 13:12:53.570"></status>
</suite>
<status status="PASS" starttime="20191022 13:12:38.003" endtime="20191022 13:12:53.574"></status>
</suite>
<statistics>
<total>
<stat pass="1" fail="0">Critical Tests</stat>
<stat pass="1" fail="0">All Tests</stat>
</total>
<tag>
</tag>
<suite>
<stat pass="1" fail="0" id="s1" name="Suites">Suites</stat>
<stat pass="1" fail="0" id="s1-s1" name="Logintest">Suites.Logintest</stat>
</suite>
</statistics>
<errors>
</errors>
</robot>
