<?xml version="1.0" encoding="UTF-8"?>
<robot generator="Robot 3.1.2 (Python 3.6.6 on win32)" generated="20191022 15:53:31.400" rpa="false">
<suite id="s1" name="Suites">
<suite id="s1-s1" name="Registrationtest" source="C:\Repository\python\robot\testcases\registrationtest.robot">
<test id="s1-s1-t1" name="RegistrationTest">
<kw name="Open my Browser" library="registrationkeywords">
<arguments>
<arg>${SiteUrl}</arg>
<arg>${Browser}</arg>
</arguments>
<kw name="Open Browser" library="SeleniumLibrary">
<doc>Opens a new browser instance to the given ``url``.</doc>
<arguments>
<arg>${SiteUrl}</arg>
<arg>${Browser}</arg>
</arguments>
<msg timestamp="20191022 15:53:31.764" level="INFO">Opening browser 'headlesschrome' to base url 'http://www.newtours.demoaut.com'.</msg>
<status status="PASS" starttime="20191022 15:53:31.762" endtime="20191022 15:53:34.871"></status>
</kw>
<kw name="Maximize Browser Window" library="SeleniumLibrary">
<doc>Maximizes current browser window.</doc>
<status status="PASS" starttime="20191022 15:53:34.872" endtime="20191022 15:53:35.998"></status>
</kw>
<status status="PASS" starttime="20191022 15:53:31.760" endtime="20191022 15:53:35.999"></status>
</kw>
<kw name="Click Register Link" library="registrationkeywords">
<kw name="Click Link" library="SeleniumLibrary">
<doc>Clicks a link identified by ``locator``.</doc>
<arguments>
<arg>${link_Reg}</arg>
</arguments>
<msg timestamp="20191022 15:53:36.001" level="INFO">Clicking link 'link:REGISTER'.</msg>
<status status="PASS" starttime="20191022 15:53:36.000" endtime="20191022 15:53:36.392"></status>
</kw>
<status status="PASS" starttime="20191022 15:53:35.999" endtime="20191022 15:53:36.392"></status>
</kw>
<kw name="Enter FirstName" library="registrationkeywords">
<arguments>
<arg>David</arg>
</arguments>
<kw name="Input Text" library="SeleniumLibrary">
<doc>Types the given ``text`` into the text field identified by ``locator``.</doc>
<arguments>
<arg>${txt_firstName}</arg>
<arg>${firstName}</arg>
</arguments>
<msg timestamp="20191022 15:53:36.394" level="INFO">Typing text 'David' into text field 'name:firstName'.</msg>
<status status="PASS" starttime="20191022 15:53:36.393" endtime="20191022 15:53:36.552"></status>
</kw>
<status status="PASS" starttime="20191022 15:53:36.392" endtime="20191022 15:53:36.553"></status>
</kw>
<kw name="Enter LastName" library="registrationkeywords">
<arguments>
<arg>John</arg>
</arguments>
<kw name="Input Text" library="SeleniumLibrary">
<doc>Types the given ``text`` into the text field identified by ``locator``.</doc>
<arguments>
<arg>${txt_lastName}</arg>
<arg>${lastName}</arg>
</arguments>
<msg timestamp="20191022 15:53:36.554" level="INFO">Typing text 'John' into text field 'name:lastName'.</msg>
<status status="PASS" starttime="20191022 15:53:36.554" endtime="20191022 15:53:36.727"></status>
</kw>
<status status="PASS" starttime="20191022 15:53:36.553" endtime="20191022 15:53:36.727"></status>
</kw>
<kw name="Enter Phone" library="registrationkeywords">
<arguments>
<arg>1234567890</arg>
</arguments>
<kw name="Input Text" library="SeleniumLibrary">
<doc>Types the given ``text`` into the text field identified by ``locator``.</doc>
<arguments>
<arg>${txt_phone}</arg>
<arg>${phone}</arg>
</arguments>
<msg timestamp="20191022 15:53:36.729" level="INFO">Typing text '1234567890' into text field 'name:phone'.</msg>
<status status="PASS" starttime="20191022 15:53:36.728" endtime="20191022 15:53:36.868"></status>
</kw>
<status status="PASS" starttime="20191022 15:53:36.728" endtime="20191022 15:53:36.869"></status>
</kw>
<kw name="Enter Email" library="registrationkeywords">
<arguments>
<arg>davidJohn@gmail.com</arg>
</arguments>
<kw name="Input Text" library="SeleniumLibrary">
<doc>Types the given ``text`` into the text field identified by ``locator``.</doc>
<arguments>
<arg>${txt_email}</arg>
<arg>${email}</arg>
</arguments>
<msg timestamp="20191022 15:53:36.870" level="INFO">Typing text 'davidJohn@gmail.com' into text field 'name:userName'.</msg>
<status status="PASS" starttime="20191022 15:53:36.869" endtime="20191022 15:53:37.040"></status>
</kw>
<status status="PASS" starttime="20191022 15:53:36.869" endtime="20191022 15:53:37.040"></status>
</kw>
<kw name="Enter Address1" library="registrationkeywords">
<arguments>
<arg>Toronto</arg>
</arguments>
<kw name="Input Text" library="SeleniumLibrary">
<doc>Types the given ``text`` into the text field identified by ``locator``.</doc>
<arguments>
<arg>${txt_add1}</arg>
<arg>${add1}</arg>
</arguments>
<msg timestamp="20191022 15:53:37.042" level="INFO">Typing text 'Toronto' into text field 'name:address1'.</msg>
<status status="PASS" starttime="20191022 15:53:37.041" endtime="20191022 15:53:37.185"></status>
</kw>
<status status="PASS" starttime="20191022 15:53:37.040" endtime="20191022 15:53:37.185"></status>
</kw>
<kw name="Enter Address2" library="registrationkeywords">
<arguments>
<arg>Canada</arg>
</arguments>
<kw name="Input Text" library="SeleniumLibrary">
<doc>Types the given ``text`` into the text field identified by ``locator``.</doc>
<arguments>
<arg>${txt_add2}</arg>
<arg>${add2}</arg>
</arguments>
<msg timestamp="20191022 15:53:37.186" level="INFO">Typing text 'Canada' into text field 'name:address2'.</msg>
<status status="PASS" starttime="20191022 15:53:37.186" endtime="20191022 15:53:37.304"></status>
</kw>
<status status="PASS" starttime="20191022 15:53:37.185" endtime="20191022 15:53:37.304"></status>
</kw>
<kw name="Enter City" library="registrationkeywords">
<arguments>
<arg>Toronto</arg>
</arguments>
<kw name="Input Text" library="SeleniumLibrary">
<doc>Types the given ``text`` into the text field identified by ``locator``.</doc>
<arguments>
<arg>${txt_city}</arg>
<arg>${city}</arg>
</arguments>
<msg timestamp="20191022 15:53:37.306" level="INFO">Typing text 'Toronto' into text field 'name:city'.</msg>
<status status="PASS" starttime="20191022 15:53:37.305" endtime="20191022 15:53:37.461"></status>
</kw>
<status status="PASS" starttime="20191022 15:53:37.304" endtime="20191022 15:53:37.461"></status>
</kw>
<kw name="Enter State" library="registrationkeywords">
<arguments>
<arg>Brampton</arg>
</arguments>
<kw name="Input Text" library="SeleniumLibrary">
<doc>Types the given ``text`` into the text field identified by ``locator``.</doc>
<arguments>
<arg>${txt_state}</arg>
<arg>${state}</arg>
</arguments>
<msg timestamp="20191022 15:53:37.463" level="INFO">Typing text 'Brampton' into text field 'name:state'.</msg>
<status status="PASS" starttime="20191022 15:53:37.462" endtime="20191022 15:53:37.574"></status>
</kw>
<status status="PASS" starttime="20191022 15:53:37.462" endtime="20191022 15:53:37.574"></status>
</kw>
<kw name="Enter Postal Code" library="registrationkeywords">
<arguments>
<arg>L3S 1E7</arg>
</arguments>
<kw name="Input Text" library="SeleniumLibrary">
<doc>Types the given ``text`` into the text field identified by ``locator``.</doc>
<arguments>
<arg>${txt_postCode}</arg>
<arg>${postalcode}</arg>
</arguments>
<msg timestamp="20191022 15:53:37.576" level="INFO">Typing text 'L3S 1E7' into text field 'name:postalCode'.</msg>
<status status="PASS" starttime="20191022 15:53:37.575" endtime="20191022 15:53:37.693"></status>
</kw>
<status status="PASS" starttime="20191022 15:53:37.575" endtime="20191022 15:53:37.693"></status>
</kw>
<kw name="Select Country" library="registrationkeywords">
<arguments>
<arg>CANADA</arg>
</arguments>
<kw name="Select From List By Label" library="SeleniumLibrary">
<doc>Selects options from selection list ``locator`` by ``labels``.</doc>
<arguments>
<arg>${drp_country}</arg>
<arg>${country}</arg>
</arguments>
<msg timestamp="20191022 15:53:37.694" level="INFO">Selecting options from selection list 'name:country' by label CANADA.</msg>
<status status="PASS" starttime="20191022 15:53:37.694" endtime="20191022 15:53:37.805"></status>
</kw>
<status status="PASS" starttime="20191022 15:53:37.693" endtime="20191022 15:53:37.805"></status>
</kw>
<kw name="Enter User Name" library="registrationkeywords">
<arguments>
<arg>johnxyz</arg>
</arguments>
<kw name="Input Text" library="SeleniumLibrary">
<doc>Types the given ``text`` into the text field identified by ``locator``.</doc>
<arguments>
<arg>${txt_userName}</arg>
<arg>${username}</arg>
</arguments>
<msg timestamp="20191022 15:53:37.806" level="INFO">Typing text 'johnxyz' into text field 'name:email'.</msg>
<status status="PASS" starttime="20191022 15:53:37.806" endtime="20191022 15:53:37.911"></status>
</kw>
<status status="PASS" starttime="20191022 15:53:37.805" endtime="20191022 15:53:37.911"></status>
</kw>
<kw name="Enter Password" library="registrationkeywords">
<arguments>
<arg>johnxyz</arg>
</arguments>
<kw name="Input Text" library="SeleniumLibrary">
<doc>Types the given ``text`` into the text field identified by ``locator``.</doc>
<arguments>
<arg>${txt_Password}</arg>
<arg>${password}</arg>
</arguments>
<msg timestamp="20191022 15:53:37.912" level="INFO">Typing text 'johnxyz' into text field 'name:password'.</msg>
<status status="PASS" starttime="20191022 15:53:37.912" endtime="20191022 15:53:38.032"></status>
</kw>
<status status="PASS" starttime="20191022 15:53:37.911" endtime="20191022 15:53:38.032"></status>
</kw>
<kw name="Enter Confirmed Password" library="registrationkeywords">
<arguments>
<arg>johnxyz</arg>
</arguments>
<kw name="Input Text" library="SeleniumLibrary">
<doc>Types the given ``text`` into the text field identified by ``locator``.</doc>
<arguments>
<arg>${txt_conformedPassword}</arg>
<arg>${confpassword}</arg>
</arguments>
<msg timestamp="20191022 15:53:38.033" level="INFO">Typing text 'johnxyz' into text field 'name:confirmPassword'.</msg>
<status status="PASS" starttime="20191022 15:53:38.033" endtime="20191022 15:53:38.146"></status>
</kw>
<status status="PASS" starttime="20191022 15:53:38.032" endtime="20191022 15:53:38.146"></status>
</kw>
<kw name="Click Submit" library="registrationkeywords">
<kw name="Click Button" library="SeleniumLibrary">
<doc>Clicks the button identified by ``locator``.</doc>
<arguments>
<arg>${btn_submit}</arg>
</arguments>
<msg timestamp="20191022 15:53:38.147" level="INFO">Clicking button 'xpath://input[@name='register']'.</msg>
<status status="PASS" starttime="20191022 15:53:38.147" endtime="20191022 15:53:38.802"></status>
</kw>
<status status="PASS" starttime="20191022 15:53:38.146" endtime="20191022 15:53:38.802"></status>
</kw>
<kw name="Verify Succesful Registration" library="registrationkeywords">
<kw name="Page Should Contain" library="SeleniumLibrary">
<doc>Verifies that current page contains ``text``.</doc>
<arguments>
<arg>Thank you for registering.</arg>
</arguments>
<msg timestamp="20191022 15:53:38.826" level="INFO">Current page contains text 'Thank you for registering.'.</msg>
<status status="PASS" starttime="20191022 15:53:38.802" endtime="20191022 15:53:38.826"></status>
</kw>
<status status="PASS" starttime="20191022 15:53:38.802" endtime="20191022 15:53:38.826"></status>
</kw>
<kw name="Close my Browsers" library="registrationkeywords">
<kw name="Close All Browsers" library="SeleniumLibrary">
<doc>Closes all open browsers and resets the browser cache.</doc>
<status status="PASS" starttime="20191022 15:53:38.827" endtime="20191022 15:53:40.871"></status>
</kw>
<status status="PASS" starttime="20191022 15:53:38.827" endtime="20191022 15:53:40.871"></status>
</kw>
<status status="PASS" starttime="20191022 15:53:31.758" endtime="20191022 15:53:40.872" critical="yes"></status>
</test>
<status status="PASS" starttime="20191022 15:53:31.451" endtime="20191022 15:53:40.874"></status>
</suite>
<status status="PASS" starttime="20191022 15:53:31.403" endtime="20191022 15:53:40.877"></status>
</suite>
<statistics>
<total>
<stat pass="1" fail="0">Critical Tests</stat>
<stat pass="1" fail="0">All Tests</stat>
</total>
<tag>
</tag>
<suite>
<stat pass="1" fail="0" id="s1" name="Suites">Suites</stat>
<stat pass="1" fail="0" id="s1-s1" name="Registrationtest">Suites.Registrationtest</stat>
</suite>
</statistics>
<errors>
</errors>
</robot>
